<?xml version="1.0" encoding="utf-8"?>
<TestRun id="8ba85cd9-7bcb-48c4-a27d-a65f462b6c19" name="@5f6254ce328a 2021-09-20 10:53:25" xmlns="http://microsoft.com/schemas/VisualStudio/TeamTest/2010">
  <Times creation="2021-09-20T10:53:25.6860428+00:00" queuing="2021-09-20T10:53:25.6860430+00:00" start="2021-09-20T10:53:22.8957482+00:00" finish="2021-09-20T10:53:25.7038723+00:00" />
  <TestSettings name="default" id="521fa928-802d-42b5-8bf5-88d11368667e">
    <Deployment runDeploymentRoot="_5f6254ce328a_2021-09-20_10_53_25" />
  </TestSettings>
  <Results>
    <UnitTestResult executionId="dd3699ae-3bda-4873-bfa3-c5b211eefcdf" testId="eb223c9f-24bf-8303-38b3-d6113beb6012" testName="OCP.Msal.Proxy.Tests.AuthControllerTests.ClaimIsInjectedIntoHeaderAsExpected" computerName="5f6254ce328a" duration="00:00:00.0129372" startTime="2021-09-20T10:53:25.5430369+00:00" endTime="2021-09-20T10:53:25.5431444+00:00" testType="13cdc9d9-ddb5-4fa4-a97d-d965ccfc6d4b" outcome="Passed" testListId="8c84fa94-04c1-424b-9868-57a2d4851a1d" relativeResultsDirectory="dd3699ae-3bda-4873-bfa3-c5b211eefcdf" />
  </Results>
  <TestDefinitions>
    <UnitTest name="OCP.Msal.Proxy.Tests.AuthControllerTests.ClaimIsInjectedIntoHeaderAsExpected" storage="/app/ocp.msal.proxy.tests/bin/debug/netcoreapp3.1/ocp.msal.proxy.tests.dll" id="eb223c9f-24bf-8303-38b3-d6113beb6012">
      <Execution id="dd3699ae-3bda-4873-bfa3-c5b211eefcdf" />
      <TestMethod codeBase="/app/OCP.Msal.Proxy.Tests/bin/Debug/netcoreapp3.1/OCP.Msal.Proxy.Tests.dll" adapterTypeName="executor://xunit/VsTestRunner2/netcoreapp" className="OCP.Msal.Proxy.Tests.AuthControllerTests" name="ClaimIsInjectedIntoHeaderAsExpected" />
    </UnitTest>
  </TestDefinitions>
  <TestEntries>
    <TestEntry testId="eb223c9f-24bf-8303-38b3-d6113beb6012" executionId="dd3699ae-3bda-4873-bfa3-c5b211eefcdf" testListId="8c84fa94-04c1-424b-9868-57a2d4851a1d" />
  </TestEntries>
  <TestLists>
    <TestList name="Results Not in a List" id="8c84fa94-04c1-424b-9868-57a2d4851a1d" />
    <TestList name="All Loaded Results" id="19431567-8539-422a-85d7-44ee4e166bda" />
  </TestLists>
  <ResultSummary outcome="Completed">
    <Counters total="1" executed="1" passed="1" failed="0" error="0" timeout="0" aborted="0" inconclusive="0" passedButRunAborted="0" notRunnable="0" notExecuted="0" disconnected="0" warning="0" completed="0" inProgress="0" pending="0" />
    <Output>
      <StdOut>[xUnit.net 00:00:00.00] xUnit.net VSTest Adapter v2.4.1 (64-bit .NET Core 3.1.19)
[xUnit.net 00:00:01.14]   Discovering: OCP.Msal.Proxy.Tests
[xUnit.net 00:00:01.19]   Discovered:  OCP.Msal.Proxy.Tests
[xUnit.net 00:00:01.20]   Starting:    OCP.Msal.Proxy.Tests
[xUnit.net 00:00:01.31]   Finished:    OCP.Msal.Proxy.Tests
</StdOut>
    </Output>
  </ResultSummary>
</TestRun>