<?xml version="1.0" encoding="utf-8"?>
<TestRun id="241711a8-e886-43ec-9b20-335fe40229bb" name="@c8121d75a2a4 2021-09-20 10:57:19" xmlns="http://microsoft.com/schemas/VisualStudio/TeamTest/2010">
  <Times creation="2021-09-20T10:57:19.8148168+00:00" queuing="2021-09-20T10:57:19.8148170+00:00" start="2021-09-20T10:57:16.8575910+00:00" finish="2021-09-20T10:57:19.8356459+00:00" />
  <TestSettings name="default" id="5c36fef1-79a7-4f81-896a-c8e0088b24c9">
    <Deployment runDeploymentRoot="_c8121d75a2a4_2021-09-20_10_57_19" />
  </TestSettings>
  <Results>
    <UnitTestResult executionId="78595f84-b7ff-47ed-abbb-1da0accf31aa" testId="eb223c9f-24bf-8303-38b3-d6113beb6012" testName="OCP.Msal.Proxy.Tests.AuthControllerTests.ClaimIsInjectedIntoHeaderAsExpected" computerName="c8121d75a2a4" duration="00:00:00.0153123" startTime="2021-09-20T10:57:19.7020522+00:00" endTime="2021-09-20T10:57:19.7021640+00:00" testType="13cdc9d9-ddb5-4fa4-a97d-d965ccfc6d4b" outcome="Passed" testListId="8c84fa94-04c1-424b-9868-57a2d4851a1d" relativeResultsDirectory="78595f84-b7ff-47ed-abbb-1da0accf31aa" />
  </Results>
  <TestDefinitions>
    <UnitTest name="OCP.Msal.Proxy.Tests.AuthControllerTests.ClaimIsInjectedIntoHeaderAsExpected" storage="/app/ocp.msal.proxy.tests/bin/debug/netcoreapp3.1/ocp.msal.proxy.tests.dll" id="eb223c9f-24bf-8303-38b3-d6113beb6012">
      <Execution id="78595f84-b7ff-47ed-abbb-1da0accf31aa" />
      <TestMethod codeBase="/app/OCP.Msal.Proxy.Tests/bin/Debug/netcoreapp3.1/OCP.Msal.Proxy.Tests.dll" adapterTypeName="executor://xunit/VsTestRunner2/netcoreapp" className="OCP.Msal.Proxy.Tests.AuthControllerTests" name="ClaimIsInjectedIntoHeaderAsExpected" />
    </UnitTest>
  </TestDefinitions>
  <TestEntries>
    <TestEntry testId="eb223c9f-24bf-8303-38b3-d6113beb6012" executionId="78595f84-b7ff-47ed-abbb-1da0accf31aa" testListId="8c84fa94-04c1-424b-9868-57a2d4851a1d" />
  </TestEntries>
  <TestLists>
    <TestList name="Results Not in a List" id="8c84fa94-04c1-424b-9868-57a2d4851a1d" />
    <TestList name="All Loaded Results" id="19431567-8539-422a-85d7-44ee4e166bda" />
  </TestLists>
  <ResultSummary outcome="Completed">
    <Counters total="1" executed="1" passed="1" failed="0" error="0" timeout="0" aborted="0" inconclusive="0" passedButRunAborted="0" notRunnable="0" notExecuted="0" disconnected="0" warning="0" completed="0" inProgress="0" pending="0" />
    <Output>
      <StdOut>[xUnit.net 00:00:00.00] xUnit.net VSTest Adapter v2.4.1 (64-bit .NET Core 3.1.19)
[xUnit.net 00:00:01.32]   Discovering: OCP.Msal.Proxy.Tests
[xUnit.net 00:00:01.37]   Discovered:  OCP.Msal.Proxy.Tests
[xUnit.net 00:00:01.38]   Starting:    OCP.Msal.Proxy.Tests
[xUnit.net 00:00:01.52]   Finished:    OCP.Msal.Proxy.Tests
</StdOut>
    </Output>
  </ResultSummary>
</TestRun>